2026-01-02 01:23:43,211 [INFO] __main__: ================================================================================
2026-01-02 01:23:43,211 [INFO] __main__: 🚀 HISTORICAL DATA WEBSOCKET SERVER (Yahoo Finance)
2026-01-02 01:23:43,211 [INFO] __main__: ================================================================================
2026-01-02 01:23:43,211 [INFO] __main__: Initializing historical data server...
2026-01-02 01:23:43,268 [INFO] __main__: 📊 Data loaded from data/historical_data.json:
2026-01-02 01:23:43,268 [INFO] __main__:    Downloaded at: 2026-01-01T22:50:37.787834Z
2026-01-02 01:23:43,268 [INFO] __main__:    Total bars: 7800
2026-01-02 01:23:43,269 [INFO] __main__:    Date range: {'start': None, 'end': None}
2026-01-02 01:23:43,269 [INFO] __main__:    QQQ: 1560 bars
2026-01-02 01:23:43,269 [INFO] __main__:    SPY: 1560 bars
2026-01-02 01:23:43,269 [INFO] __main__:    NVDA: 1560 bars
2026-01-02 01:23:43,269 [INFO] __main__:    AAPL: 1560 bars
2026-01-02 01:23:43,269 [INFO] __main__:    MSFT: 1560 bars
2026-01-02 01:23:43,309 [INFO] websockets.server: server listening on [::1]:8001
2026-01-02 01:23:43,309 [INFO] websockets.server: server listening on 127.0.0.1:8001
2026-01-02 01:23:43,309 [INFO] __main__: 📡 Server listening on ws://localhost:8001
2026-01-02 01:23:43,704 [INFO] websockets.server: connection open
2026-01-02 01:23:43,705 [INFO] __main__: ✅ Client connected: 127.0.0.1:53711
2026-01-02 01:23:43,705 [INFO] websockets.server: connection open
2026-01-02 01:23:43,705 [INFO] __main__: ✅ Client connected: 127.0.0.1:53712
2026-01-02 01:23:43,706 [INFO] websockets.server: connection open
2026-01-02 01:23:43,706 [INFO] __main__: ✅ Client connected: 127.0.0.1:53713
2026-01-02 01:23:43,717 [INFO] websockets.server: connection open
2026-01-02 01:23:43,717 [INFO] __main__: ✅ Client connected: 127.0.0.1:53714
2026-01-02 01:23:44,437 [INFO] websockets.server: connection open
2026-01-02 01:23:44,437 [INFO] __main__: ✅ Client connected: 127.0.0.1:53715
2026-01-02 01:23:45,310 [INFO] __main__: 🎬 Starting historical data playback...
2026-01-02 01:23:45,311 [INFO] __main__:   Bar 1: QQQ @ $624.10 (vol: 411,104)
2026-01-02 01:23:46,311 [INFO] __main__:   Bar 2: SPY @ $690.39 (vol: 1,112,996)
2026-01-02 01:23:46,321 [INFO] websockets.server: connection open
2026-01-02 01:23:46,322 [INFO] __main__: ✅ Client connected: 127.0.0.1:53716
2026-01-02 01:23:47,312 [INFO] __main__:   Bar 3: NVDA @ $189.85 (vol: 4,275,465)
2026-01-02 01:23:48,313 [INFO] __main__:   Bar 4: AAPL @ $274.39 (vol: 496,363)
2026-01-02 01:23:49,314 [INFO] __main__:   Bar 5: MSFT @ $487.24 (vol: 220,365)
2026-01-02 01:23:50,316 [INFO] __main__:   Bar 6: QQQ @ $624.23 (vol: 144,746)
2026-01-02 01:23:51,363 [INFO] __main__:   Bar 7: SPY @ $690.43 (vol: 352,444)
2026-01-02 01:23:52,364 [INFO] __main__:   Bar 8: NVDA @ $190.59 (vol: 1,100,823)
2026-01-02 01:23:53,365 [INFO] __main__:   Bar 9: AAPL @ $274.15 (vol: 86,591)
2026-01-02 01:23:54,366 [INFO] __main__:   Bar 10: MSFT @ $487.62 (vol: 27,158)
2026-01-02 01:23:55,367 [INFO] __main__:   Bar 11: QQQ @ $624.32 (vol: 108,791)
2026-01-02 01:23:56,369 [INFO] __main__:   Bar 12: SPY @ $690.73 (vol: 274,951)
2026-01-02 01:23:57,370 [INFO] __main__:   Bar 13: NVDA @ $190.74 (vol: 759,166)
2026-01-02 01:23:58,372 [INFO] __main__:   Bar 14: AAPL @ $274.75 (vol: 45,658)
2026-01-02 01:23:59,373 [INFO] __main__:   Bar 15: MSFT @ $487.35 (vol: 45,734)
2026-01-02 01:24:00,375 [INFO] __main__:   Bar 16: QQQ @ $624.92 (vol: 116,781)
2026-01-02 01:24:01,376 [INFO] __main__:   Bar 17: SPY @ $691.05 (vol: 166,769)
2026-01-02 01:24:02,377 [INFO] __main__:   Bar 18: NVDA @ $191.25 (vol: 973,031)
2026-01-02 01:24:03,378 [INFO] __main__:   Bar 19: AAPL @ $274.80 (vol: 54,987)
2026-01-02 01:24:04,379 [INFO] __main__:   Bar 20: MSFT @ $487.52 (vol: 23,586)
2026-01-02 01:24:05,380 [INFO] __main__:   Bar 21: QQQ @ $624.71 (vol: 92,177)
2026-01-02 01:24:06,381 [INFO] __main__:   Bar 22: SPY @ $690.95 (vol: 150,853)
2026-01-02 01:24:07,382 [INFO] __main__:   Bar 23: NVDA @ $191.27 (vol: 922,107)
2026-01-02 01:24:08,383 [INFO] __main__:   Bar 24: AAPL @ $274.90 (vol: 103,488)
2026-01-02 01:24:09,384 [INFO] __main__:   Bar 25: MSFT @ $486.90 (vol: 42,743)
2026-01-02 01:24:10,386 [INFO] __main__:   Bar 26: QQQ @ $625.17 (vol: 132,763)
2026-01-02 01:24:11,387 [INFO] __main__:   Bar 27: SPY @ $691.23 (vol: 216,049)
2026-01-02 01:24:12,389 [INFO] __main__:   Bar 28: NVDA @ $191.95 (vol: 4,412,630)
2026-01-02 01:24:13,389 [INFO] __main__:   Bar 29: AAPL @ $274.70 (vol: 62,229)
2026-01-02 01:24:14,390 [INFO] __main__:   Bar 30: MSFT @ $487.22 (vol: 32,194)
2026-01-02 01:24:15,390 [INFO] __main__:   Bar 31: QQQ @ $625.30 (vol: 186,031)
2026-01-02 01:24:16,392 [INFO] __main__:   Bar 32: SPY @ $691.32 (vol: 234,543)
2026-01-02 01:24:17,393 [INFO] __main__:   Bar 33: NVDA @ $191.83 (vol: 0)
2026-01-02 01:24:18,394 [INFO] __main__:   Bar 34: AAPL @ $275.27 (vol: 62,139)
2026-01-02 01:24:19,396 [INFO] __main__:   Bar 35: MSFT @ $487.55 (vol: 29,166)
2026-01-02 01:24:20,397 [INFO] __main__:   Bar 36: QQQ @ $624.78 (vol: 90,498)
2026-01-02 01:24:21,398 [INFO] __main__:   Bar 37: SPY @ $691.05 (vol: 148,384)
2026-01-02 01:24:22,400 [INFO] __main__:   Bar 38: NVDA @ $191.48 (vol: 684,565)
2026-01-02 01:24:23,401 [INFO] __main__:   Bar 39: AAPL @ $274.84 (vol: 78,668)
2026-01-02 01:24:24,402 [INFO] __main__:   Bar 40: MSFT @ $487.19 (vol: 17,090)
2026-01-02 01:24:25,403 [INFO] __main__:   Bar 41: QQQ @ $625.13 (vol: 105,060)
2026-01-02 01:24:26,405 [INFO] __main__:   Bar 42: SPY @ $691.24 (vol: 171,705)
2026-01-02 01:24:27,406 [INFO] __main__:   Bar 43: NVDA @ $191.88 (vol: 599,271)
2026-01-02 01:24:28,407 [INFO] __main__:   Bar 44: AAPL @ $274.79 (vol: 52,033)
2026-01-02 01:24:29,408 [INFO] __main__:   Bar 45: MSFT @ $487.22 (vol: 22,573)
2026-01-02 01:24:30,409 [INFO] __main__:   Bar 46: QQQ @ $625.13 (vol: 41,936)
2026-01-02 01:24:31,411 [INFO] __main__:   Bar 47: SPY @ $691.32 (vol: 128,608)
2026-01-02 01:24:32,411 [INFO] __main__:   Bar 48: NVDA @ $191.66 (vol: 465,656)
2026-01-02 01:24:33,413 [INFO] __main__:   Bar 49: AAPL @ $275.05 (vol: 49,387)
2026-01-02 01:24:34,414 [INFO] __main__:   Bar 50: MSFT @ $487.50 (vol: 13,690)
2026-01-02 01:24:35,415 [INFO] __main__:   Bar 51: QQQ @ $625.00 (vol: 54,428)
2026-01-02 01:24:36,415 [INFO] __main__:   Bar 52: SPY @ $691.30 (vol: 150,019)
2026-01-02 01:24:37,417 [INFO] __main__:   Bar 53: NVDA @ $191.62 (vol: 411,842)
2026-01-02 01:24:38,418 [INFO] __main__:   Bar 54: AAPL @ $275.06 (vol: 50,244)
2026-01-02 01:24:39,419 [INFO] __main__:   Bar 55: MSFT @ $487.01 (vol: 14,944)
2026-01-02 01:24:40,421 [INFO] __main__:   Bar 56: QQQ @ $625.25 (vol: 91,482)
2026-01-02 01:24:41,427 [INFO] __main__:   Bar 57: SPY @ $691.41 (vol: 174,936)
2026-01-02 01:24:42,469 [INFO] __main__:   Bar 58: NVDA @ $192.12 (vol: 859,117)
2026-01-02 01:24:43,470 [INFO] __main__:   Bar 59: AAPL @ $275.00 (vol: 39,608)
2026-01-02 01:24:44,471 [INFO] __main__:   Bar 60: MSFT @ $487.42 (vol: 22,051)
2026-01-02 01:24:45,472 [INFO] __main__:   Bar 61: QQQ @ $625.11 (vol: 44,196)
2026-01-02 01:24:46,474 [INFO] __main__:   Bar 62: SPY @ $691.41 (vol: 157,883)
2026-01-02 01:24:47,474 [INFO] __main__:   Bar 63: NVDA @ $192.11 (vol: 731,341)
2026-01-02 01:24:48,476 [INFO] __main__:   Bar 64: AAPL @ $274.98 (vol: 33,996)
2026-01-02 01:24:49,476 [INFO] __main__:   Bar 65: MSFT @ $487.30 (vol: 16,356)
2026-01-02 01:24:50,477 [INFO] __main__:   Bar 66: QQQ @ $625.20 (vol: 68,531)
2026-01-02 01:24:51,479 [INFO] __main__:   Bar 67: SPY @ $691.41 (vol: 151,307)
2026-01-02 01:24:52,479 [INFO] __main__:   Bar 68: NVDA @ $192.04 (vol: 415,886)
2026-01-02 01:24:53,480 [INFO] __main__:   Bar 69: AAPL @ $275.25 (vol: 39,366)
2026-01-02 01:24:54,481 [INFO] __main__:   Bar 70: MSFT @ $487.60 (vol: 19,503)
2026-01-02 01:24:55,482 [INFO] __main__:   Bar 71: QQQ @ $625.39 (vol: 49,625)
2026-01-02 01:24:56,483 [INFO] __main__:   Bar 72: SPY @ $691.55 (vol: 153,882)
2026-01-02 01:24:57,485 [INFO] __main__:   Bar 73: NVDA @ $192.11 (vol: 534,777)
2026-01-02 01:24:58,541 [INFO] __main__:   Bar 74: AAPL @ $275.09 (vol: 44,551)
2026-01-02 01:24:59,541 [INFO] __main__:   Bar 75: MSFT @ $487.77 (vol: 29,131)
2026-01-02 01:25:00,543 [INFO] __main__:   Bar 76: QQQ @ $625.37 (vol: 79,106)
2026-01-02 01:25:01,544 [INFO] __main__:   Bar 77: SPY @ $691.56 (vol: 165,798)
2026-01-02 01:25:02,545 [INFO] __main__:   Bar 78: NVDA @ $191.97 (vol: 515,006)
2026-01-02 01:25:03,547 [INFO] __main__:   Bar 79: AAPL @ $275.13 (vol: 82,528)
2026-01-02 01:25:04,548 [INFO] __main__:   Bar 80: MSFT @ $487.63 (vol: 19,575)
2026-01-02 01:25:05,549 [INFO] __main__:   Bar 81: QQQ @ $625.22 (vol: 59,487)
2026-01-02 01:25:06,550 [INFO] __main__:   Bar 82: SPY @ $691.47 (vol: 166,949)
2026-01-02 01:25:07,551 [INFO] __main__:   Bar 83: NVDA @ $191.77 (vol: 388,579)
2026-01-02 01:25:08,553 [INFO] __main__:   Bar 84: AAPL @ $275.17 (vol: 60,638)
2026-01-02 01:25:09,554 [INFO] __main__:   Bar 85: MSFT @ $487.42 (vol: 19,797)
2026-01-02 01:25:10,555 [INFO] __main__:   Bar 86: QQQ @ $625.28 (vol: 43,978)
2026-01-02 01:25:11,556 [INFO] __main__:   Bar 87: SPY @ $691.46 (vol: 214,771)
2026-01-02 01:25:12,564 [INFO] __main__:   Bar 88: NVDA @ $192.19 (vol: 566,751)
2026-01-02 01:25:13,564 [INFO] __main__:   Bar 89: AAPL @ $275.10 (vol: 39,585)
2026-01-02 01:25:14,566 [INFO] __main__:   Bar 90: MSFT @ $487.84 (vol: 15,964)
2026-01-02 01:25:15,567 [INFO] __main__:   Bar 91: QQQ @ $625.06 (vol: 61,773)
2026-01-02 01:25:16,568 [INFO] __main__:   Bar 92: SPY @ $691.36 (vol: 78,833)
2026-01-02 01:25:17,569 [INFO] __main__:   Bar 93: NVDA @ $191.83 (vol: 555,753)
2026-01-02 01:25:18,570 [INFO] __main__:   Bar 94: AAPL @ $275.10 (vol: 30,636)
2026-01-02 01:25:19,571 [INFO] __main__:   Bar 95: MSFT @ $487.73 (vol: 23,181)
2026-01-02 01:25:20,572 [INFO] __main__:   Bar 96: QQQ @ $625.04 (vol: 44,769)
2026-01-02 01:25:21,572 [INFO] __main__:   Bar 97: SPY @ $691.23 (vol: 146,976)
2026-01-02 01:25:22,577 [INFO] __main__:   Bar 98: NVDA @ $191.81 (vol: 429,900)
2026-01-02 01:25:23,578 [INFO] __main__:   Bar 99: AAPL @ $274.90 (vol: 38,927)
2026-01-02 01:25:24,580 [INFO] __main__:   Bar 100: MSFT @ $487.51 (vol: 20,394)
2026-01-02 01:25:25,581 [INFO] __main__:   Bar 101: QQQ @ $624.61 (vol: 57,355)
2026-01-02 01:25:26,582 [INFO] __main__:   Bar 102: SPY @ $690.85 (vol: 217,818)
2026-01-02 01:25:27,583 [INFO] __main__:   Bar 103: NVDA @ $191.65 (vol: 403,993)
2026-01-02 01:25:28,584 [INFO] __main__:   Bar 104: AAPL @ $274.83 (vol: 54,635)
2026-01-02 01:25:29,585 [INFO] __main__:   Bar 105: MSFT @ $487.24 (vol: 16,462)
2026-01-02 01:25:30,587 [INFO] __main__:   Bar 106: QQQ @ $624.27 (vol: 90,033)
2026-01-02 01:25:31,588 [INFO] __main__:   Bar 107: SPY @ $690.65 (vol: 265,509)
2026-01-02 01:25:32,589 [INFO] __main__:   Bar 108: NVDA @ $191.50 (vol: 523,318)
