2025-12-30 21:29:22,075 - bot.strategy - INFO -  SHORT signal: change=-0.662%, streak=-3, vol_spike=1.8x | Daily DOWN (-0.02%) bias=1.5
2025-12-30 21:29:22,075 - bot.strategy - INFO - OPEN SHORT @ $148.61 | Daily DOWN (-0.02%) bias=1.5x
2025-12-30 21:29:24,147 - bot.strategy - INFO - CLOSE SHORT @ $149.13 (SL) | PnL: $-39.00 (-0.35%)
2025-12-30 21:33:07,209 - bot.strategy - INFO -  LONG signal: change=0.390%, streak=3, vol_spike=1.4x | Daily UP (+0.01%) bias=1.5
2025-12-30 21:33:07,210 - bot.strategy - INFO - OPEN LONG @ $151.70 | Daily UP (+0.01%) bias=1.5x
2025-12-30 21:33:13,214 - bot.strategy - INFO - CLOSE LONG @ $152.76 (TP) | PnL: $79.50 (0.70%)
2025-12-30 21:33:41,243 - bot.strategy - INFO -  SHORT signal: change=-1.087%, streak=-2, vol_spike=1.4x | Daily UP (+0.01%) bias=1.5
2025-12-30 21:33:41,243 - bot.strategy - INFO - OPEN SHORT @ $151.10 | Daily UP (+0.01%) bias=1.5x
2025-12-30 21:33:47,248 - bot.strategy - INFO - CLOSE SHORT @ $151.48 (SL) | PnL: $-28.50 (-0.25%)
2025-12-30 21:33:51,261 - bot.strategy - INFO -  SHORT signal: change=-1.399%, streak=-2, vol_spike=1.6x | Daily UP (+0.00%) bias=1.5
2025-12-30 21:33:51,261 - bot.strategy - INFO - OPEN SHORT @ $150.13 | Daily UP (+0.00%) bias=1.5x
2025-12-30 21:33:57,259 - bot.strategy - WARNING - 革  RULE 4.4: Cooldown activated for 90s after 3 losses
2025-12-30 21:33:57,259 - bot.strategy - INFO - CLOSE SHORT @ $150.63 (SL) | PnL: $-37.50 (-0.33%)
2025-12-30 21:35:33,353 - bot.strategy - INFO -  SHORT signal: change=-1.981%, streak=-2, vol_spike=1.9x | Daily UP (+0.02%) bias=1.5
2025-12-30 21:35:33,354 - bot.strategy - INFO - OPEN SHORT @ $140.02 | Daily UP (+0.02%) bias=1.5x
2025-12-30 21:35:35,412 - bot.strategy - WARNING - 革  RULE 4.4: Cooldown activated for 90s after 5 losses
2025-12-30 21:35:35,412 - bot.strategy - INFO - CLOSE SHORT @ $140.82 (SL) | PnL: $-60.00 (-0.57%)
2025-12-30 21:47:15,398 - bot.strategy - INFO -  LONG signal: change=0.746%, streak=3, vol_spike=1.4x | Daily UP (+0.01%) bias=1.5
2025-12-30 21:47:15,405 - bot.strategy - INFO - OPEN LONG @ $156.61 | Daily UP (+0.01%) bias=1.5x
2025-12-30 21:47:17,396 - bot.strategy - INFO - CLOSE LONG @ $156.54 (SL) | PnL: $-5.25 (-0.04%)
2025-12-30 21:53:02,669 - bot.strategy - INFO -  SHORT signal: change=-0.994%, streak=-3, vol_spike=2.1x | Daily UP (+0.01%) bias=1.5
2025-12-30 21:53:02,671 - bot.strategy - INFO - OPEN SHORT @ $149.35 | Daily UP (+0.01%) bias=1.5x
2025-12-30 21:53:04,615 - bot.strategy - INFO - CLOSE SHORT @ $149.18 (TP) | PnL: $12.75 (0.11%)
2025-12-30 21:53:06,616 - bot.strategy - INFO -  SHORT signal: change=-0.918%, streak=-5, vol_spike=1.6x | Daily DOWN (-0.00%) bias=1.5
2025-12-30 21:53:06,616 - bot.strategy - INFO - OPEN SHORT @ $148.98 | Daily DOWN (-0.00%) bias=1.5x
2025-12-30 21:53:08,728 - bot.strategy - INFO - CLOSE SHORT @ $148.86 (TP) | PnL: $9.00 (0.08%)
2025-12-30 21:53:24,631 - bot.strategy - INFO -  SHORT signal: change=-2.025%, streak=-5, vol_spike=1.7x | Daily UP (+0.02%) bias=1.5
2025-12-30 21:53:24,631 - bot.strategy - INFO - OPEN SHORT @ $148.05 | Daily UP (+0.02%) bias=1.5x
2025-12-30 21:53:26,664 - bot.strategy - INFO - CLOSE SHORT @ $147.13 (TP) | PnL: $69.00 (0.62%)
2025-12-30 21:53:28,632 - bot.strategy - INFO -  SHORT signal: change=-1.953%, streak=-7, vol_spike=1.5x | Daily UP (+0.01%) bias=1.5
2025-12-30 21:53:28,633 - bot.strategy - INFO - OPEN SHORT @ $147.09 | Daily UP (+0.01%) bias=1.5x
2025-12-30 21:53:30,633 - bot.strategy - INFO - CLOSE SHORT @ $146.91 (TP) | PnL: $13.50 (0.12%)
2025-12-30 21:53:48,645 - bot.strategy - INFO -  LONG signal: change=0.809%, streak=4, vol_spike=1.3x | Daily DOWN (-0.00%) bias=1.5
2025-12-30 21:53:48,646 - bot.strategy - INFO - OPEN LONG @ $149.59 | Daily DOWN (-0.00%) bias=1.5x
2025-12-30 21:53:50,646 - bot.strategy - INFO - CLOSE LONG @ $149.80 (TP) | PnL: $15.75 (0.14%)
2025-12-30 21:54:26,676 - bot.strategy - INFO -  SHORT signal: change=-3.960%, streak=-10, vol_spike=1.5x | Daily UP (+0.01%) bias=1.5
2025-12-30 21:54:26,677 - bot.strategy - INFO - OPEN SHORT @ $143.33 | Daily UP (+0.01%) bias=1.5x
2025-12-30 21:54:28,676 - bot.strategy - INFO - CLOSE SHORT @ $143.76 (SL) | PnL: $-32.25 (-0.30%)
2025-12-30 21:54:52,691 - bot.strategy - INFO -  LONG signal: change=2.845%, streak=4, vol_spike=1.4x | Daily UP (+0.01%) bias=1.5
2025-12-30 21:54:52,691 - bot.strategy - INFO - OPEN LONG @ $147.51 | Daily UP (+0.01%) bias=1.5x
2025-12-30 21:54:54,692 - bot.strategy - WARNING - 革  RULE 4.4: Cooldown activated for 300s after 3 losses
2025-12-30 21:54:54,692 - bot.strategy - INFO - CLOSE LONG @ $147.07 (SL) | PnL: $-33.00 (-0.30%)
2025-12-30 22:27:15,237 - bot.strategy - INFO -  SHORT signal: change=-1.267%, streak=-4, vol_spike=1.6x | Daily UP (+0.01%) bias=1.5
2025-12-30 22:27:15,238 - bot.strategy - INFO - OPEN SHORT @ $147.28 | Daily UP (+0.01%) bias=1.5x
2025-12-30 22:27:17,319 - bot.strategy - INFO - CLOSE SHORT @ $147.84 (SL) | PnL: $-42.00 (-0.38%)
2025-12-30 22:32:36,030 - bot.strategy - INFO -  SHORT signal: change=-0.855%, streak=-4, vol_spike=1.7x | Daily DOWN (-0.00%) bias=1.5
2025-12-30 22:32:36,037 - bot.strategy - INFO - OPEN SHORT @ $151.99 | Daily DOWN (-0.00%) bias=1.5x
2025-12-30 22:32:42,030 - bot.strategy - INFO - CLOSE SHORT @ $152.38 (SL) | PnL: $-29.25 (-0.26%)
2025-12-30 22:36:36,467 - bot.strategy - INFO -  LONG signal: change=1.789%, streak=3, vol_spike=1.9x | Daily UP (+0.02%) bias=1.5
2025-12-30 22:36:36,468 - bot.strategy - INFO - OPEN LONG @ $152.46 | Daily UP (+0.02%) bias=1.5x
2025-12-30 22:36:38,468 - bot.strategy - INFO - CLOSE LONG @ $152.77 (TP) | PnL: $23.25 (0.20%)
2025-12-30 22:36:42,548 - bot.strategy - INFO -  LONG signal: change=2.711%, streak=6, vol_spike=1.7x | Daily DOWN (-0.01%) bias=1.5
2025-12-30 22:36:42,549 - bot.strategy - INFO - OPEN LONG @ $153.84 | Daily DOWN (-0.01%) bias=1.5x
2025-12-30 22:36:44,472 - bot.strategy - INFO - CLOSE LONG @ $154.31 (TP) | PnL: $35.25 (0.31%)
2025-12-30 22:37:42,561 - bot.strategy - INFO -  LONG signal: change=1.339%, streak=3, vol_spike=1.5x | Daily UP (+0.02%) bias=1.5
2025-12-30 22:37:42,563 - bot.strategy - INFO - OPEN LONG @ $160.49 | Daily UP (+0.02%) bias=1.5x
2025-12-30 22:37:44,561 - bot.strategy - INFO - CLOSE LONG @ $161.15 (TP) | PnL: $49.50 (0.41%)
2025-12-30 22:38:38,627 - bot.strategy - INFO -  LONG signal: change=0.884%, streak=3, vol_spike=1.6x | Daily DOWN (-0.02%) bias=1.5
2025-12-30 22:38:38,628 - bot.strategy - INFO - OPEN LONG @ $162.14 | Daily DOWN (-0.02%) bias=1.5x
2025-12-30 22:38:40,643 - bot.strategy - INFO - CLOSE LONG @ $162.47 (TP) | PnL: $24.75 (0.20%)
2025-12-30 22:38:44,630 - bot.strategy - INFO -  LONG signal: change=1.988%, streak=6, vol_spike=1.6x | Daily UP (+0.01%) bias=1.5
2025-12-30 22:38:44,631 - bot.strategy - INFO - OPEN LONG @ $163.11 | Daily UP (+0.01%) bias=1.5x
2025-12-30 22:38:46,632 - bot.strategy - INFO - CLOSE LONG @ $163.63 (TP) | PnL: $39.00 (0.32%)
2025-12-30 22:39:26,738 - bot.strategy - INFO -  LONG signal: change=2.753%, streak=5, vol_spike=1.5x | Daily DOWN (-0.00%) bias=1.5
2025-12-30 22:39:26,741 - bot.strategy - INFO - OPEN LONG @ $169.10 | Daily DOWN (-0.00%) bias=1.5x
2025-12-30 22:39:28,740 - bot.strategy - INFO - CLOSE LONG @ $168.55 (SL) | PnL: $-41.25 (-0.33%)
2025-12-30 22:39:54,760 - bot.strategy - INFO -  SHORT signal: change=-2.200%, streak=-4, vol_spike=1.8x | Daily UP (+0.00%) bias=1.5
2025-12-30 22:39:54,761 - bot.strategy - INFO - OPEN SHORT @ $165.38 | Daily UP (+0.00%) bias=1.5x
2025-12-30 22:39:58,760 - bot.strategy - WARNING - 革  RULE 4.4: Cooldown activated for 300s after 3 losses
2025-12-30 22:39:58,760 - bot.strategy - INFO - CLOSE SHORT @ $165.62 (SL) | PnL: $-18.00 (-0.15%)
2025-12-30 22:41:48,635 - bot.strategy - INFO -  SHORT signal: change=-0.917%, streak=-3, vol_spike=1.4x | Daily DOWN (-0.01%) bias=1.5
2025-12-30 22:41:48,642 - bot.strategy - INFO - OPEN SHORT @ $148.02 | Daily DOWN (-0.01%) bias=1.5x
2025-12-30 22:41:54,639 - bot.strategy - INFO - CLOSE SHORT @ $147.47 (TP) | PnL: $41.25 (0.37%)
2025-12-30 22:42:40,827 - bot.strategy - INFO -  LONG signal: change=2.634%, streak=3, vol_spike=1.6x | Daily UP (+0.02%) bias=1.5
2025-12-30 22:42:40,828 - bot.strategy - INFO - OPEN LONG @ $148.46 | Daily UP (+0.02%) bias=1.5x
2025-12-30 22:42:44,770 - bot.strategy - INFO - CLOSE LONG @ $149.53 (TP) | PnL: $80.25 (0.72%)
2025-12-30 22:42:54,679 - bot.strategy - INFO -  LONG signal: change=3.037%, streak=3, vol_spike=1.7x | Daily UP (+0.00%) bias=1.5
2025-12-30 22:42:54,680 - bot.strategy - INFO - OPEN LONG @ $151.30 | Daily UP (+0.00%) bias=1.5x
2025-12-30 22:42:56,799 - bot.strategy - INFO - CLOSE LONG @ $151.81 (TP) | PnL: $38.25 (0.34%)
2025-12-30 22:43:22,723 - bot.strategy - INFO -  SHORT signal: change=-0.734%, streak=-3, vol_spike=1.5x | Daily DOWN (-0.01%) bias=1.5
2025-12-30 22:43:22,724 - bot.strategy - INFO - OPEN SHORT @ $150.19 | Daily DOWN (-0.01%) bias=1.5x
2025-12-30 22:43:26,727 - bot.strategy - INFO - CLOSE SHORT @ $149.51 (TP) | PnL: $51.00 (0.45%)
2025-12-30 22:43:28,729 - bot.strategy - INFO -  SHORT signal: change=-1.838%, streak=-6, vol_spike=2.0x | Daily DOWN (-0.01%) bias=1.5
2025-12-30 22:43:28,729 - bot.strategy - INFO - OPEN SHORT @ $149.02 | Daily DOWN (-0.01%) bias=1.5x
2025-12-30 22:43:30,730 - bot.strategy - INFO - CLOSE SHORT @ $149.56 (SL) | PnL: $-40.50 (-0.36%)
2025-12-30 22:43:46,743 - bot.strategy - INFO -  SHORT signal: change=-3.606%, streak=-3, vol_spike=1.7x | Daily UP (+0.00%) bias=1.5
2025-12-30 22:43:46,744 - bot.strategy - INFO - OPEN SHORT @ $146.24 | Daily UP (+0.00%) bias=1.5x
2025-12-30 22:43:50,872 - bot.strategy - INFO - CLOSE SHORT @ $145.60 (TP) | PnL: $48.00 (0.44%)
2025-12-30 22:43:54,749 - bot.strategy - INFO -  SHORT signal: change=-3.859%, streak=-7, vol_spike=1.5x | Daily UP (+0.01%) bias=1.5
2025-12-30 22:43:54,750 - bot.strategy - INFO - OPEN SHORT @ $143.74 | Daily UP (+0.01%) bias=1.5x
2025-12-30 22:43:56,751 - bot.strategy - INFO - CLOSE SHORT @ $143.06 (TP) | PnL: $51.00 (0.47%)
2025-12-30 22:44:04,753 - bot.strategy - INFO -  SHORT signal: change=-5.386%, streak=-3, vol_spike=2.1x | Daily DOWN (-0.00%) bias=1.5
2025-12-30 22:44:04,754 - bot.strategy - INFO - OPEN SHORT @ $141.06 | Daily DOWN (-0.00%) bias=1.5x
2025-12-30 22:44:10,756 - bot.strategy - INFO - CLOSE SHORT @ $140.36 (TP) | PnL: $52.50 (0.50%)
2025-12-30 22:45:08,859 - bot.strategy - INFO -  LONG signal: change=4.162%, streak=3, vol_spike=1.5x | Daily UP (+0.01%) bias=1.5
2025-12-30 22:45:08,860 - bot.strategy - INFO - OPEN LONG @ $147.42 | Daily UP (+0.01%) bias=1.5x
2025-12-30 22:45:12,828 - bot.strategy - INFO - CLOSE LONG @ $147.39 (TRAIL) | PnL: $-2.25 (-0.02%)
2025-12-30 22:45:34,944 - bot.strategy - INFO -  SHORT signal: change=-0.814%, streak=-4, vol_spike=1.5x | Daily UP (+0.01%) bias=1.5
2025-12-30 22:45:34,944 - bot.strategy - INFO - OPEN SHORT @ $145.03 | Daily UP (+0.01%) bias=1.5x
2025-12-30 22:45:39,034 - bot.strategy - INFO - CLOSE SHORT @ $144.36 (TP) | PnL: $50.25 (0.46%)
2025-12-30 22:47:10,981 - bot.strategy - INFO -  LONG signal: change=3.073%, streak=3, vol_spike=1.8x | Daily DOWN (-0.02%) bias=1.5
2025-12-30 22:47:10,983 - bot.strategy - INFO - OPEN LONG @ $144.22 | Daily DOWN (-0.02%) bias=1.5x
2025-12-30 22:47:12,982 - bot.strategy - INFO - CLOSE LONG @ $143.85 (SL) | PnL: $-27.75 (-0.26%)
2025-12-30 22:47:20,989 - bot.strategy - INFO -  LONG signal: change=3.532%, streak=4, vol_spike=1.7x | Daily UP (+0.00%) bias=1.5
2025-12-30 22:47:20,990 - bot.strategy - INFO - OPEN LONG @ $146.27 | Daily UP (+0.00%) bias=1.5x
2025-12-30 22:47:24,994 - bot.strategy - INFO - CLOSE LONG @ $146.92 (TP) | PnL: $48.75 (0.44%)
2025-12-30 22:48:18,564 - bot.strategy - INFO -  SHORT signal: change=-0.727%, streak=-3, vol_spike=1.4x | Daily DOWN (-0.01%) bias=1.5
2025-12-30 22:48:18,565 - bot.strategy - INFO - OPEN SHORT @ $147.42 | size 3 shares | Daily DOWN (-0.01%) bias=1.5x | risk 0.50% of $100.00, stop 0.08%, raw 4.2 -> size 3, capped by 5.0x leverage
2025-12-30 22:48:20,564 - bot.strategy - INFO - CLOSE SHORT @ $146.58 (TP) | PnL: $2.52 (0.57%)
2025-12-30 22:48:48,586 - bot.strategy - INFO -  LONG signal: change=1.494%, streak=4, vol_spike=2.1x | Daily DOWN (-0.01%) bias=1.5
2025-12-30 22:48:48,587 - bot.strategy - INFO - OPEN LONG @ $148.77 | size 3 shares | Daily DOWN (-0.01%) bias=1.5x | risk 0.50% of $102.52, stop 0.08%, raw 4.3 -> size 3, capped by 5.0x leverage
2025-12-30 22:48:52,589 - bot.strategy - INFO - CLOSE LONG @ $149.50 (TP) | PnL: $2.19 (0.49%)
2025-12-30 22:48:56,602 - bot.strategy - INFO -  LONG signal: change=1.766%, streak=8, vol_spike=2.0x | Daily DOWN (-0.01%) bias=1.5
2025-12-30 22:48:56,605 - bot.strategy - INFO - OPEN LONG @ $150.41 | size 3 shares | Daily DOWN (-0.01%) bias=1.5x | risk 0.50% of $104.71, stop 0.08%, raw 4.4 -> size 3, capped by 5.0x leverage
2025-12-30 22:48:58,594 - bot.strategy - INFO - CLOSE LONG @ $150.96 (TP) | PnL: $1.65 (0.37%)
2025-12-30 22:49:44,674 - bot.strategy - INFO -  SHORT signal: change=-2.567%, streak=-4, vol_spike=1.5x | Daily DOWN (-0.01%) bias=1.5
2025-12-30 22:49:44,675 - bot.strategy - INFO - OPEN SHORT @ $148.76 | size 3 shares | Daily DOWN (-0.01%) bias=1.5x | risk 0.50% of $106.36, stop 0.08%, raw 4.5 -> size 3, capped by 5.0x leverage
2025-12-30 22:49:46,676 - bot.strategy - INFO - CLOSE SHORT @ $148.19 (TP) | PnL: $1.71 (0.38%)
2025-12-30 22:49:54,798 - bot.strategy - INFO -  SHORT signal: change=-3.559%, streak=-3, vol_spike=1.4x | Daily DOWN (-0.00%) bias=1.5
2025-12-30 22:49:54,798 - bot.strategy - INFO - OPEN SHORT @ $146.05 | size 3 shares | Daily DOWN (-0.00%) bias=1.5x | risk 0.50% of $108.07, stop 0.08%, raw 4.6 -> size 3, capped by 5.0x leverage
2025-12-30 22:49:56,719 - bot.strategy - INFO - CLOSE SHORT @ $146.33 (SL) | PnL: $-0.84 (-0.19%)
2025-12-30 22:50:24,706 - bot.strategy - INFO -  SHORT signal: change=-2.050%, streak=-3, vol_spike=2.2x | Daily DOWN (-0.01%) bias=1.5
2025-12-30 22:50:24,706 - bot.strategy - INFO - OPEN SHORT @ $143.33 | size 3 shares | Daily DOWN (-0.01%) bias=1.5x | risk 0.50% of $107.23, stop 0.08%, raw 4.7 -> size 3, capped by 5.0x leverage
2025-12-30 22:50:26,705 - bot.strategy - WARNING - 革  RULE 4.4: Cooldown activated for 300s after 3 losses
2025-12-30 22:50:26,706 - bot.strategy - INFO - CLOSE SHORT @ $143.63 (SL) | PnL: $-0.90 (-0.21%)
2025-12-30 22:56:05,034 - bot.strategy - INFO -  SHORT signal: change=-1.704%, streak=-3, vol_spike=1.7x | Daily UP (+0.02%) bias=1.5
2025-12-30 22:56:05,035 - bot.strategy - INFO - OPEN SHORT @ $144.18 | size 3 shares | Daily UP (+0.02%) bias=1.5x | risk 0.50% of $106.33, stop 0.08%, raw 4.6 -> size 3, capped by 5.0x leverage
2025-12-30 22:56:09,035 - bot.strategy - INFO - CLOSE SHORT @ $143.59 (TP) | PnL: $1.77 (0.41%)
2025-12-30 22:56:11,039 - bot.strategy - INFO -  SHORT signal: change=-1.206%, streak=-6, vol_spike=1.7x | Daily UP (+0.01%) bias=1.5
2025-12-30 22:56:11,039 - bot.strategy - INFO - OPEN SHORT @ $143.35 | size 3 shares | Daily UP (+0.01%) bias=1.5x | risk 0.50% of $108.10, stop 0.08%, raw 4.7 -> size 3, capped by 5.0x leverage
2025-12-30 22:56:13,039 - bot.strategy - INFO - CLOSE SHORT @ $143.70 (SL) | PnL: $-1.05 (-0.24%)
2025-12-30 22:56:47,191 - bot.strategy - INFO -  LONG signal: change=0.209%, streak=4, vol_spike=1.3x | Daily DOWN (-0.02%) bias=1.5
2025-12-30 22:56:47,191 - bot.strategy - INFO - OPEN LONG @ $143.87 | size 3 shares | Daily DOWN (-0.02%) bias=1.5x | risk 0.50% of $107.05, stop 0.08%, raw 4.7 -> size 3, capped by 5.0x leverage
2025-12-30 22:56:49,116 - bot.strategy - WARNING - 革  RULE 4.4: Cooldown activated for 300s after 3 losses
2025-12-30 22:56:49,117 - bot.strategy - INFO - CLOSE LONG @ $143.47 (SL) | PnL: $-1.20 (-0.28%)
2025-12-30 23:02:29,470 - bot.strategy - INFO -  LONG signal: change=1.277%, streak=5, vol_spike=1.8x | Daily DOWN (-0.01%) bias=1.5
2025-12-30 23:02:29,471 - bot.strategy - INFO - OPEN LONG @ $142.81 | size 3 shares | Daily DOWN (-0.01%) bias=1.5x | risk 0.50% of $105.85, stop 0.08%, raw 4.6 -> size 3, capped by 5.0x leverage
2025-12-30 23:02:33,473 - bot.strategy - WARNING - 革  RULE 4.4: Cooldown activated for 300s after 5 losses
2025-12-30 23:02:33,474 - bot.strategy - INFO - CLOSE LONG @ $142.02 (SL) | PnL: $-2.37 (-0.55%)
2025-12-30 23:07:37,854 - bot.strategy - INFO -  LONG signal: change=3.882%, streak=3, vol_spike=1.4x | Daily DOWN (-0.00%) bias=1.5
2025-12-30 23:07:37,856 - bot.strategy - INFO - OPEN LONG @ $161.09 | size 3 shares | Daily DOWN (-0.00%) bias=1.5x | risk 0.50% of $103.48, stop 0.08%, raw 4.0 -> size 3, capped by 5.0x leverage
2025-12-30 23:07:39,804 - bot.strategy - WARNING - 革  RULE 4.4: Cooldown activated for 300s after 7 losses
2025-12-30 23:07:39,805 - bot.strategy - INFO - CLOSE LONG @ $160.82 (SL) | PnL: $-0.81 (-0.17%)
2025-12-31 00:32:33,483 - bot.strategy - INFO -  LONG signal: change=1.760%, streak=3, vol_spike=1.5x | Daily UP (+0.00%) bias=1.5
2025-12-31 00:32:33,485 - bot.strategy - INFO - OPEN LONG @ $3.47 | size 144 shares | Daily UP (+0.00%) bias=1.5x | risk 0.50% of $100.00, stop 0.08%, raw 180.1 -> size 144, capped by 5.0x leverage
2025-12-31 00:33:33,712 - bot.strategy - INFO - CLOSE LONG @ $3.44 (SL) | PnL: $-4.32 (-0.86%)
