Traceback (most recent call last):
  File "/Users/ara/micro-trading-robot/websocket_server/server.py", line 240, in <module>
   2025-12-31 00:58:20,148 [INFO] connection open
2025-12-31 00:58:20,148 [INFO] Client connected: 127.0.0.1:53910
2025-12-31 00:58:21,401 [INFO] connection open
2025-12-31 00:58:21,404 [INFO] Client connected: 127.0.0.1:53912
2025-12-31 00:58:26,274 [INFO] Client disconnected: 127.0.0.1:53910
2025-12-31 00:58:26,275 [INFO] connection closed
_loop.run_until_complete(task)
           ~~~~~~~~~~~~~~~~~~~~~~~~~~~~~^^^^^^
  File "/Library/Frameworks/Python.framework/Versions/3.13/lib/python3.13/asyncio/base_events.py", line 725, in run_until_complete
    return future.result()
           ~~~~~~~~~~~~~^^
  File "/Users/ara/micro-trading-robot/websocket_server/server.py", line 227, in main
    async with websockets.serve(handler, "localhost", 8765):
               ~~~~~~~~~~~~~~~~^^^^^^^^^^^^^^^^^^^^^^^^^^^^
  File "/Library/Frameworks/Python.framework/Versions/3.13/lib/python3.13/site-packages/websockets/legacy/server.py", line 1113, in __aenter__
    return await self
           ^^^^^^^^^^
  File "/Library/Frameworks/Python.framework/Versions/3.13/lib/python3.13/site-packages/websockets/legacy/server.py", line 1131, in __await_impl__
    server = await self._create_server()
             ^^^^^^^^^^^^^^^^^^^^^^^^^^^
  File "/Library/Frameworks/Python.framework/Versions/3.13/lib/python3.13/asyncio/base_events.py", line 1622, in create_server
    raise OSError(err.errno, msg) from None
OSError: [Errno 48] error while attempting to bind on address ('::1', 8765, 0, 0): [errno 48] address already in use
2025-12-31 00:58:20,148 [INFO] connection open
2025-12-31 00:58:20,148 [INFO] Client connected: 127.0.0.1:53910
2025-12-31 00:58:21,401 [INFO] connection open
2025-12-31 00:58:21,404 [INFO] Client connected: 127.0.0.1:53912
2025-12-31 00:58:26,274 [INFO] Client disconnected: 127.0.0.1:53910
2025-12-31 00:58:26,275 [INFO] connection closed
